<?xml version="1.0" encoding="UTF-8" standalone="no"?>
<!DOCTYPE log SYSTEM "logger.dtd">
<log>
<record>
  <date>2022-12-04T15:48:11.920460Z</date>
  <millis>1670168891920</millis>
  <nanos>460000</nanos>
  <sequence>0</sequence>
  <logger>task2</logger>
  <level>INFO</level>
  <class>Main</class>
  <method>main</method>
  <thread>1</thread>
  <message>msg14</message>
</record>
<record>
  <date>2022-12-04T15:48:11.949486Z</date>
  <millis>1670168891949</millis>
  <nanos>486000</nanos>
  <sequence>1</sequence>
  <logger>task2</logger>
  <level>INFO</level>
  <class>Main</class>
  <method>main</method>
  <thread>1</thread>
  <message>msg105</message>
</record>
<record>
  <date>2022-12-04T15:48:11.949486Z</date>
  <millis>1670168891949</millis>
  <nanos>486000</nanos>
  <sequence>2</sequence>
  <logger>task2</logger>
  <level>INFO</level>
  <class>Main</class>
  <method>main</method>
  <thread>1</thread>
  <message>msg23</message>
</record>
<record>
  <date>2022-12-04T15:48:11.949486Z</date>
  <millis>1670168891949</millis>
  <nanos>486000</nanos>
  <sequence>3</sequence>
  <logger>task2</logger>
  <level>INFO</level>
  <class>Main</class>
  <method>main</method>
  <thread>1</thread>
  <message>msg105</message>
</record>
<record>
  <date>2022-12-04T15:48:11.950487200Z</date>
  <millis>1670168891950</millis>
  <nanos>487200</nanos>
  <sequence>4</sequence>
  <logger>task2</logger>
  <level>INFO</level>
  <class>Main</class>
  <method>main</method>
  <thread>1</thread>
  <message>msg1</message>
</record>
<record>
  <date>2022-12-04T15:48:11.950487200Z</date>
  <millis>1670168891950</millis>
  <nanos>487200</nanos>
  <sequence>5</sequence>
  <logger>task2</logger>
  <level>INFO</level>
  <class>Main</class>
  <method>main</method>
  <thread>1</thread>
  <message>msg105</message>
</record>
<record>
  <date>2022-12-04T15:48:11.950487200Z</date>
  <millis>1670168891950</millis>
  <nanos>487200</nanos>
  <sequence>6</sequence>
  <logger>task2</logger>
  <level>INFO</level>
  <class>Main</class>
  <method>main</method>
  <thread>1</thread>
  <message>msg16</message>
</record>
<record>
  <date>2022-12-04T15:48:11.951489700Z</date>
  <millis>1670168891951</millis>
  <nanos>489700</nanos>
  <sequence>7</sequence>
  <logger>task2</logger>
  <level>INFO</level>
  <class>Main</class>
  <method>main</method>
  <thread>1</thread>
  <message>msg105</message>
</record>
<record>
  <date>2022-12-04T15:48:11.951489700Z</date>
  <millis>1670168891951</millis>
  <nanos>489700</nanos>
  <sequence>8</sequence>
  <logger>task2</logger>
  <level>INFO</level>
  <class>Main</class>
  <method>main</method>
  <thread>1</thread>
  <message>msg4</message>
</record>
<record>
  <date>2022-12-04T15:48:11.951489700Z</date>
  <millis>1670168891951</millis>
  <nanos>489700</nanos>
  <sequence>9</sequence>
  <logger>task2</logger>
  <level>INFO</level>
  <class>Main</class>
  <method>main</method>
  <thread>1</thread>
  <message>msg105</message>
</record>
<record>
  <date>2022-12-04T15:48:11.951489700Z</date>
  <millis>1670168891951</millis>
  <nanos>489700</nanos>
  <sequence>10</sequence>
  <logger>task2</logger>
  <level>INFO</level>
  <class>Main</class>
  <method>main</method>
  <thread>1</thread>
  <message>msg105</message>
</record>
<record>
  <date>2022-12-04T15:48:11.952489200Z</date>
  <millis>1670168891952</millis>
  <nanos>489200</nanos>
  <sequence>11</sequence>
  <logger>task2</logger>
  <level>INFO</level>
  <class>Main</class>
  <method>main</method>
  <thread>1</thread>
  <message>msg166</message>
</record>
<record>
  <date>2022-12-04T15:48:11.952489200Z</date>
  <millis>1670168891952</millis>
  <nanos>489200</nanos>
  <sequence>12</sequence>
  <logger>task2</logger>
  <level>INFO</level>
  <class>Main</class>
  <method>main</method>
  <thread>1</thread>
  <message>msg14</message>
</record>
<record>
  <date>2022-12-04T15:48:11.952489200Z</date>
  <millis>1670168891952</millis>
  <nanos>489200</nanos>
  <sequence>13</sequence>
  <logger>task2</logger>
  <level>INFO</level>
  <class>Main</class>
  <method>main</method>
  <thread>1</thread>
  <message>msg166</message>
</record>
<record>
  <date>2022-12-04T15:48:11.952489200Z</date>
  <millis>1670168891952</millis>
  <nanos>489200</nanos>
  <sequence>14</sequence>
  <logger>task2</logger>
  <level>INFO</level>
  <class>Main</class>
  <method>main</method>
  <thread>1</thread>
  <message>msg1</message>
</record>
<record>
  <date>2022-12-04T15:48:11.953489900Z</date>
  <millis>1670168891953</millis>
  <nanos>489900</nanos>
  <sequence>15</sequence>
  <logger>task2</logger>
  <level>INFO</level>
  <class>Main</class>
  <method>main</method>
  <thread>1</thread>
  <message>msg166</message>
</record>
<record>
  <date>2022-12-04T15:48:11.953489900Z</date>
  <millis>1670168891953</millis>
  <nanos>489900</nanos>
  <sequence>16</sequence>
  <logger>task2</logger>
  <level>INFO</level>
  <class>Main</class>
  <method>main</method>
  <thread>1</thread>
  <message>msg16</message>
</record>
<record>
  <date>2022-12-04T15:48:11.953489900Z</date>
  <millis>1670168891953</millis>
  <nanos>489900</nanos>
  <sequence>17</sequence>
  <logger>task2</logger>
  <level>INFO</level>
  <class>Main</class>
  <method>main</method>
  <thread>1</thread>
  <message>msg166</message>
</record>
<record>
  <date>2022-12-04T15:48:11.953489900Z</date>
  <millis>1670168891953</millis>
  <nanos>489900</nanos>
  <sequence>18</sequence>
  <logger>task2</logger>
  <level>INFO</level>
  <class>Main</class>
  <method>main</method>
  <thread>1</thread>
  <message>msg4</message>
</record>
<record>
  <date>2022-12-04T15:48:11.953489900Z</date>
  <millis>1670168891953</millis>
  <nanos>489900</nanos>
  <sequence>19</sequence>
  <logger>task2</logger>
  <level>INFO</level>
  <class>Main</class>
  <method>main</method>
  <thread>1</thread>
  <message>msg166</message>
</record>
<record>
  <date>2022-12-04T15:48:11.954490600Z</date>
  <millis>1670168891954</millis>
  <nanos>490600</nanos>
  <sequence>20</sequence>
  <logger>task2</logger>
  <level>INFO</level>
  <class>Main</class>
  <method>main</method>
  <thread>1</thread>
  <message>msg23</message>
</record>
<record>
  <date>2022-12-04T15:48:11.954490600Z</date>
  <millis>1670168891954</millis>
  <nanos>490600</nanos>
  <sequence>21</sequence>
  <logger>task2</logger>
  <level>INFO</level>
  <class>Main</class>
  <method>main</method>
  <thread>1</thread>
  <message>msg166</message>
</record>
<record>
  <date>2022-12-04T15:48:11.954490600Z</date>
  <millis>1670168891954</millis>
  <nanos>490600</nanos>
  <sequence>22</sequence>
  <logger>task2</logger>
  <level>INFO</level>
  <class>Main</class>
  <method>main</method>
  <thread>1</thread>
  <message>msg105</message>
</record>
<record>
  <date>2022-12-04T15:48:11.954490600Z</date>
  <millis>1670168891954</millis>
  <nanos>490600</nanos>
  <sequence>23</sequence>
  <logger>task2</logger>
  <level>INFO</level>
  <class>Main</class>
  <method>main</method>
  <thread>1</thread>
  <message>msg166</message>
</record>
<record>
  <date>2022-12-04T15:48:11.955492Z</date>
  <millis>1670168891955</millis>
  <nanos>492000</nanos>
  <sequence>24</sequence>
  <logger>task2</logger>
  <level>INFO</level>
  <class>Main</class>
  <method>main</method>
  <thread>1</thread>
  <message>msg1</message>
</record>
<record>
  <date>2022-12-04T15:48:11.955492Z</date>
  <millis>1670168891955</millis>
  <nanos>492000</nanos>
  <sequence>25</sequence>
  <logger>task2</logger>
  <level>INFO</level>
  <class>Main</class>
  <method>main</method>
  <thread>1</thread>
  <message>msg166</message>
</record>
<record>
  <date>2022-12-04T15:48:11.955492Z</date>
  <millis>1670168891955</millis>
  <nanos>492000</nanos>
  <sequence>26</sequence>
  <logger>task2</logger>
  <level>INFO</level>
  <class>Main</class>
  <method>main</method>
  <thread>1</thread>
  <message>msg14</message>
</record>
<record>
  <date>2022-12-04T15:48:11.955492Z</date>
  <millis>1670168891955</millis>
  <nanos>492000</nanos>
  <sequence>27</sequence>
  <logger>task2</logger>
  <level>INFO</level>
  <class>Main</class>
  <method>main</method>
  <thread>1</thread>
  <message>msg166</message>
</record>
<record>
  <date>2022-12-04T15:48:11.955492Z</date>
  <millis>1670168891955</millis>
  <nanos>492000</nanos>
  <sequence>28</sequence>
  <logger>task2</logger>
  <level>INFO</level>
  <class>Main</class>
  <method>main</method>
  <thread>1</thread>
  <message>msg4</message>
</record>
<record>
  <date>2022-12-04T15:48:11.956493100Z</date>
  <millis>1670168891956</millis>
  <nanos>493100</nanos>
  <sequence>29</sequence>
  <logger>task2</logger>
  <level>INFO</level>
  <class>Main</class>
  <method>main</method>
  <thread>1</thread>
  <message>msg166</message>
</record>
<record>
  <date>2022-12-04T15:48:11.956493100Z</date>
  <millis>1670168891956</millis>
  <nanos>493100</nanos>
  <sequence>30</sequence>
  <logger>task2</logger>
  <level>INFO</level>
  <class>Main</class>
  <method>main</method>
  <thread>1</thread>
  <message>msg16</message>
</record>
<record>
  <date>2022-12-04T15:48:11.956493100Z</date>
  <millis>1670168891956</millis>
  <nanos>493100</nanos>
  <sequence>31</sequence>
  <logger>task2</logger>
  <level>INFO</level>
  <class>Main</class>
  <method>main</method>
  <thread>1</thread>
  <message>msg166</message>
</record>
<record>
  <date>2022-12-04T15:48:11.956493100Z</date>
  <millis>1670168891956</millis>
  <nanos>493100</nanos>
  <sequence>32</sequence>
  <logger>task2</logger>
  <level>INFO</level>
  <class>Main</class>
  <method>main</method>
  <thread>1</thread>
  <message>msg23</message>
</record>
<record>
  <date>2022-12-04T15:48:11.956493100Z</date>
  <millis>1670168891956</millis>
  <nanos>493100</nanos>
  <sequence>33</sequence>
  <logger>task2</logger>
  <level>INFO</level>
  <class>Main</class>
  <method>main</method>
  <thread>1</thread>
  <message>msg166</message>
</record>
<record>
  <date>2022-12-04T15:48:11.957493500Z</date>
  <millis>1670168891957</millis>
  <nanos>493500</nanos>
  <sequence>34</sequence>
  <logger>task2</logger>
  <level>INFO</level>
  <class>Main</class>
  <method>main</method>
  <thread>1</thread>
  <message>msg105</message>
</record>
<record>
  <date>2022-12-04T15:48:11.957493500Z</date>
  <millis>1670168891957</millis>
  <nanos>493500</nanos>
  <sequence>35</sequence>
  <logger>task2</logger>
  <level>INFO</level>
  <class>Main</class>
  <method>main</method>
  <thread>1</thread>
  <message>msg166</message>
</record>
<record>
  <date>2022-12-04T15:48:11.957493500Z</date>
  <millis>1670168891957</millis>
  <nanos>493500</nanos>
  <sequence>36</sequence>
  <logger>task2</logger>
  <level>INFO</level>
  <class>Main</class>
  <method>main</method>
  <thread>1</thread>
  <message>msg1</message>
</record>
<record>
  <date>2022-12-04T15:48:11.957493500Z</date>
  <millis>1670168891957</millis>
  <nanos>493500</nanos>
  <sequence>37</sequence>
  <logger>task2</logger>
  <level>INFO</level>
  <class>Main</class>
  <method>main</method>
  <thread>1</thread>
  <message>msg166</message>
</record>
<record>
  <date>2022-12-04T15:48:11.957493500Z</date>
  <millis>1670168891957</millis>
  <nanos>493500</nanos>
  <sequence>38</sequence>
  <logger>task2</logger>
  <level>INFO</level>
  <class>Main</class>
  <method>main</method>
  <thread>1</thread>
  <message>msg4</message>
</record>
<record>
  <date>2022-12-04T15:48:11.958494800Z</date>
  <millis>1670168891958</millis>
  <nanos>494800</nanos>
  <sequence>39</sequence>
  <logger>task2</logger>
  <level>INFO</level>
  <class>Main</class>
  <method>main</method>
  <thread>1</thread>
  <message>msg166</message>
</record>
<record>
  <date>2022-12-04T15:48:11.958494800Z</date>
  <millis>1670168891958</millis>
  <nanos>494800</nanos>
  <sequence>40</sequence>
  <logger>task2</logger>
  <level>INFO</level>
  <class>Main</class>
  <method>main</method>
  <thread>1</thread>
  <message>msg14</message>
</record>
<record>
  <date>2022-12-04T15:48:11.958494800Z</date>
  <millis>1670168891958</millis>
  <nanos>494800</nanos>
  <sequence>41</sequence>
  <logger>task2</logger>
  <level>INFO</level>
  <class>Main</class>
  <method>main</method>
  <thread>1</thread>
  <message>msg166</message>
</record>
<record>
  <date>2022-12-04T15:48:11.958494800Z</date>
  <millis>1670168891958</millis>
  <nanos>494800</nanos>
  <sequence>42</sequence>
  <logger>task2</logger>
  <level>INFO</level>
  <class>Main</class>
  <method>main</method>
  <thread>1</thread>
  <message>msg16</message>
</record>
<record>
  <date>2022-12-04T15:48:11.958494800Z</date>
  <millis>1670168891958</millis>
  <nanos>494800</nanos>
  <sequence>43</sequence>
  <logger>task2</logger>
  <level>INFO</level>
  <class>Main</class>
  <method>main</method>
  <thread>1</thread>
  <message>msg166</message>
</record>
<record>
  <date>2022-12-04T15:48:11.959495200Z</date>
  <millis>1670168891959</millis>
  <nanos>495200</nanos>
  <sequence>44</sequence>
  <logger>task2</logger>
  <level>INFO</level>
  <class>Main</class>
  <method>main</method>
  <thread>1</thread>
  <message>msg23</message>
</record>
<record>
  <date>2022-12-04T15:48:11.959495200Z</date>
  <millis>1670168891959</millis>
  <nanos>495200</nanos>
  <sequence>45</sequence>
  <logger>task2</logger>
  <level>INFO</level>
  <class>Main</class>
  <method>main</method>
  <thread>1</thread>
  <message>msg166</message>
</record>
<record>
  <date>2022-12-04T15:48:11.959495200Z</date>
  <millis>1670168891959</millis>
  <nanos>495200</nanos>
  <sequence>46</sequence>
  <logger>task2</logger>
  <level>INFO</level>
  <class>Main</class>
  <method>main</method>
  <thread>1</thread>
  <message>msg105</message>
</record>
<record>
  <date>2022-12-04T15:48:11.959495200Z</date>
  <millis>1670168891959</millis>
  <nanos>495200</nanos>
  <sequence>47</sequence>
  <logger>task2</logger>
  <level>INFO</level>
  <class>Main</class>
  <method>main</method>
  <thread>1</thread>
  <message>msg166</message>
</record>
<record>
  <date>2022-12-04T15:48:11.959495200Z</date>
  <millis>1670168891959</millis>
  <nanos>495200</nanos>
  <sequence>48</sequence>
  <logger>task2</logger>
  <level>INFO</level>
  <class>Main</class>
  <method>main</method>
  <thread>1</thread>
  <message>msg1</message>
</record>
<record>
  <date>2022-12-04T15:48:11.960496700Z</date>
  <millis>1670168891960</millis>
  <nanos>496700</nanos>
  <sequence>49</sequence>
  <logger>task2</logger>
  <level>INFO</level>
  <class>Main</class>
  <method>main</method>
  <thread>1</thread>
  <message>msg166</message>
</record>
<record>
  <date>2022-12-04T15:48:11.960496700Z</date>
  <millis>1670168891960</millis>
  <nanos>496700</nanos>
  <sequence>50</sequence>
  <logger>task2</logger>
  <level>INFO</level>
  <class>Main</class>
  <method>main</method>
  <thread>1</thread>
  <message>msg4</message>
</record>
<record>
  <date>2022-12-04T15:48:11.960496700Z</date>
  <millis>1670168891960</millis>
  <nanos>496700</nanos>
  <sequence>51</sequence>
  <logger>task2</logger>
  <level>INFO</level>
  <class>Main</class>
  <method>main</method>
  <thread>1</thread>
  <message>msg166</message>
</record>
<record>
  <date>2022-12-04T15:48:11.960496700Z</date>
  <millis>1670168891960</millis>
  <nanos>496700</nanos>
  <sequence>52</sequence>
  <logger>task2</logger>
  <level>INFO</level>
  <class>Main</class>
  <method>main</method>
  <thread>1</thread>
  <message>msg14</message>
</record>
<record>
  <date>2022-12-04T15:48:11.960496700Z</date>
  <millis>1670168891960</millis>
  <nanos>496700</nanos>
  <sequence>53</sequence>
  <logger>task2</logger>
  <level>INFO</level>
  <class>Main</class>
  <method>main</method>
  <thread>1</thread>
  <message>msg166</message>
</record>
<record>
  <date>2022-12-04T15:48:11.961497400Z</date>
  <millis>1670168891961</millis>
  <nanos>497400</nanos>
  <sequence>54</sequence>
  <logger>task2</logger>
  <level>INFO</level>
  <class>Main</class>
  <method>main</method>
  <thread>1</thread>
  <message>msg16</message>
</record>
<record>
  <date>2022-12-04T15:48:11.961497400Z</date>
  <millis>1670168891961</millis>
  <nanos>497400</nanos>
  <sequence>55</sequence>
  <logger>task2</logger>
  <level>INFO</level>
  <class>Main</class>
  <method>main</method>
  <thread>1</thread>
  <message>msg166</message>
</record>
<record>
  <date>2022-12-04T15:48:11.961497400Z</date>
  <millis>1670168891961</millis>
  <nanos>497400</nanos>
  <sequence>56</sequence>
  <logger>task2</logger>
  <level>INFO</level>
  <class>Main</class>
  <method>main</method>
  <thread>1</thread>
  <message>msg23</message>
</record>
<record>
  <date>2022-12-04T15:48:11.961497400Z</date>
  <millis>1670168891961</millis>
  <nanos>497400</nanos>
  <sequence>57</sequence>
  <logger>task2</logger>
  <level>INFO</level>
  <class>Main</class>
  <method>main</method>
  <thread>1</thread>
  <message>msg166</message>
</record>
<record>
  <date>2022-12-04T15:48:11.961497400Z</date>
  <millis>1670168891961</millis>
  <nanos>497400</nanos>
  <sequence>58</sequence>
  <logger>task2</logger>
  <level>INFO</level>
  <class>Main</class>
  <method>main</method>
  <thread>1</thread>
  <message>msg105</message>
</record>
<record>
  <date>2022-12-04T15:48:11.962498900Z</date>
  <millis>1670168891962</millis>
  <nanos>498900</nanos>
  <sequence>59</sequence>
  <logger>task2</logger>
  <level>INFO</level>
  <class>Main</class>
  <method>main</method>
  <thread>1</thread>
  <message>msg166</message>
</record>
</log>
